c:\users\max\source\drvdetect\km\km\x64\debug\vc143.pdb
c:\users\max\source\drvdetect\km\km\x64\debug\km.obj
c:\users\max\source\drvdetect\km\km\x64\debug\km\km.cat
c:\users\max\source\drvdetect\km\km\x64\debug\km.sys
c:\users\max\source\drvdetect\km\km\x64\debug\km.pdb
c:\users\max\source\drvdetect\km\km\x64\debug\km.inf
c:\users\max\source\drvdetect\km\km\x64\debug\km.tlog\cl.command.1.tlog
c:\users\max\source\drvdetect\km\km\x64\debug\km.tlog\cl.items.tlog
c:\users\max\source\drvdetect\km\km\x64\debug\km.tlog\cl.read.1.tlog
c:\users\max\source\drvdetect\km\km\x64\debug\km.tlog\cl.write.1.tlog
c:\users\max\source\drvdetect\km\km\x64\debug\km.tlog\drvcat.command.1.tlog
c:\users\max\source\drvdetect\km\km\x64\debug\km.tlog\drvcat.read.1.tlog
c:\users\max\source\drvdetect\km\km\x64\debug\km.tlog\drvcat.write.1.tlog
c:\users\max\source\drvdetect\km\km\x64\debug\km.tlog\inf2cat-expand.27492.read.1.tlog
c:\users\max\source\drvdetect\km\km\x64\debug\km.tlog\inf2cat-expand.27492.write.1.tlog
c:\users\max\source\drvdetect\km\km\x64\debug\km.tlog\inf2cat-expand.read.1.tlog
c:\users\max\source\drvdetect\km\km\x64\debug\km.tlog\inf2cat-expand.write.1.tlog
c:\users\max\source\drvdetect\km\km\x64\debug\km.tlog\inf2cat.command.1.tlog
c:\users\max\source\drvdetect\km\km\x64\debug\km.tlog\inf2cat.read.1.tlog
c:\users\max\source\drvdetect\km\km\x64\debug\km.tlog\inf2cat.write.1.tlog
c:\users\max\source\drvdetect\km\km\x64\debug\km.tlog\link.command.1.tlog
c:\users\max\source\drvdetect\km\km\x64\debug\km.tlog\link.read.1.tlog
c:\users\max\source\drvdetect\km\km\x64\debug\km.tlog\link.secondary.1.tlog
c:\users\max\source\drvdetect\km\km\x64\debug\km.tlog\link.write.1.tlog
c:\users\max\source\drvdetect\km\km\x64\debug\km.tlog\stampinf.command.1.tlog
c:\users\max\source\drvdetect\km\km\x64\debug\km.tlog\stampinf.read.1.tlog
c:\users\max\source\drvdetect\km\km\x64\debug\km.tlog\stampinf.write.1.tlog
