c:\users\max\source\drvdetect\um\um\x64\release\vc143.pdb
c:\users\max\source\drvdetect\um\um\x64\release\um.obj
c:\users\max\source\drvdetect\um\um\x64\release\imgui_widgets.obj
c:\users\max\source\drvdetect\um\um\x64\release\imgui_tables.obj
c:\users\max\source\drvdetect\um\um\x64\release\imgui_draw.obj
c:\users\max\source\drvdetect\um\um\x64\release\imgui.obj
c:\users\max\source\drvdetect\um\um\x64\release\imgui_impl_win32.obj
c:\users\max\source\drvdetect\um\um\x64\release\imgui_impl_dx11.obj
c:\users\max\source\drvdetect\um\x64\release\um.exe
c:\users\max\source\drvdetect\um\x64\release\um.pdb
c:\users\max\source\drvdetect\um\um\x64\release\um.res
c:\users\max\source\drvdetect\um\um\x64\release\um.ipdb
c:\users\max\source\drvdetect\um\um\x64\release\um.iobj
c:\users\max\source\drvdetect\um\um\x64\release\um.tlog\cl.command.1.tlog
c:\users\max\source\drvdetect\um\um\x64\release\um.tlog\cl.items.tlog
c:\users\max\source\drvdetect\um\um\x64\release\um.tlog\cl.read.1.tlog
c:\users\max\source\drvdetect\um\um\x64\release\um.tlog\cl.write.1.tlog
c:\users\max\source\drvdetect\um\um\x64\release\um.tlog\link.command.1.tlog
c:\users\max\source\drvdetect\um\um\x64\release\um.tlog\link.read.1.tlog
c:\users\max\source\drvdetect\um\um\x64\release\um.tlog\link.secondary.1.tlog
c:\users\max\source\drvdetect\um\um\x64\release\um.tlog\link.write.1.tlog
c:\users\max\source\drvdetect\um\um\x64\release\um.tlog\rc.command.1.tlog
c:\users\max\source\drvdetect\um\um\x64\release\um.tlog\rc.read.1.tlog
c:\users\max\source\drvdetect\um\um\x64\release\um.tlog\rc.write.1.tlog
